<?xml version="1.0" encoding="UTF-8"?>
<!-- Generated by org.testng.reporters.JUnitReportReporter -->
<testsuite hostname="LAPTOP-1E7M41OD" failures="0" tests="3" name="DemoTestNgExtra.Demo" time="0.016" errors="0" timestamp="2025-09-09T17:35:21 IST" skipped="0">
  <testcase classname="DemoTestNgExtra.Demo" name="case1" time="0.012"/>
  <testcase classname="DemoTestNgExtra.Demo" name="case3" time="0.002"/>
  <testcase classname="DemoTestNgExtra.Demo" name="case2" time="0.002"/>
</testsuite> <!-- DemoTestNgExtra.Demo -->
